Building DAG of jobs...
Job stats:
job                     count    min threads    max threads
--------------------  -------  -------------  -------------
all                         1              1              1
concat                      3              1              1
concat_db_entries           1              1              1
create_filter_tables        3              1              1
det_overlap                 3              1              1
gt_annotator                9              1              1
make_txt                    3              1              1
merge2                      3              1              1
merge_ls_sep                6              1              1
norm3                       3              1              1
norm_db_entries             1              1              1
norm_ls                    18              1              1
passfilter                  6              1              1
passfilter_ls              18              1              1
reheader                    6              1              1
sort                        6              1              1
total                      90              1              1


[Wed Oct 26 14:27:19 2022]
rule passfilter:
    input: variant_caller_out/HLT450.mutect.clfil.vcf.gz
    output: variant_caller_out/filtered/HLT450.mutect.clfil.vcf.gz, variant_caller_out/normalized/HLT450.mutect.clfil.vcf.gz
    jobid: 7
    wildcards: sample=450, varcaller=mutect.clfil
    resources: tmpdir=/tmp


[Wed Oct 26 14:27:19 2022]
rule passfilter_ls:
    input: lofreq_scalpel/H279.scalpel.vcf.gz
    output: lofreq_scalpel/filtered/H279.scalpel.vcf.gz
    jobid: 42
    wildcards: tissue=H, sample=279, varcaller=scalpel
    resources: tmpdir=/tmp


[Wed Oct 26 14:27:19 2022]
rule passfilter_ls:
    input: lofreq_scalpel/L450.scalpel.vcf.gz
    output: lofreq_scalpel/filtered/L450.scalpel.vcf.gz
    jobid: 15
    wildcards: tissue=L, sample=450, varcaller=scalpel
    resources: tmpdir=/tmp


[Wed Oct 26 14:27:19 2022]
rule passfilter_ls:
    input: lofreq_scalpel/L450.lofreq.vcf.gz
    output: lofreq_scalpel/filtered/L450.lofreq.vcf.gz
    jobid: 26
    wildcards: tissue=L, sample=450, varcaller=lofreq
    resources: tmpdir=/tmp


[Wed Oct 26 14:27:19 2022]
rule passfilter_ls:
    input: lofreq_scalpel/T279.lofreq.vcf.gz
    output: lofreq_scalpel/filtered/T279.lofreq.vcf.gz
    jobid: 58
    wildcards: tissue=T, sample=279, varcaller=lofreq
    resources: tmpdir=/tmp


[Wed Oct 26 14:27:19 2022]
rule passfilter:
    input: variant_caller_out/HLT282.hc.vcf.gz
    output: variant_caller_out/filtered/HLT282.hc.vcf.gz, variant_caller_out/normalized/HLT282.hc.vcf.gz
    jobid: 64
    wildcards: sample=282, varcaller=hc
    resources: tmpdir=/tmp


[Wed Oct 26 14:27:19 2022]
rule passfilter_ls:
    input: lofreq_scalpel/H282.lofreq.vcf.gz
    output: lofreq_scalpel/filtered/H282.lofreq.vcf.gz
    jobid: 81
    wildcards: tissue=H, sample=282, varcaller=lofreq
    resources: tmpdir=/tmp


[Wed Oct 26 14:27:19 2022]
rule passfilter_ls:
    input: lofreq_scalpel/L282.lofreq.vcf.gz
    output: lofreq_scalpel/filtered/L282.lofreq.vcf.gz
    jobid: 84
    wildcards: tissue=L, sample=282, varcaller=lofreq
    resources: tmpdir=/tmp


[Wed Oct 26 14:27:19 2022]
rule passfilter_ls:
    input: lofreq_scalpel/L282.scalpel.vcf.gz
    output: lofreq_scalpel/filtered/L282.scalpel.vcf.gz
    jobid: 73
    wildcards: tissue=L, sample=282, varcaller=scalpel
    resources: tmpdir=/tmp


[Wed Oct 26 14:27:19 2022]
rule concat_db_entries:
    input: /g/steinmetz/project/leonie_crispr/03_data/01_heartproject/known_variants_vcfs/mgp.v5.indels.pass.chr.sort.vcf.gz, /g/steinmetz/project/leonie_crispr/03_data/01_heartproject/known_variants_vcfs/mgp.v5.merged.snps_all.dbSNP142.pass.chr.sort.vcf.gz
    output: known_variants_vcfs/mgp.v5.snps.indels.dbSNP142.pass.chr.sort.vcf.gz
    jobid: 89
    resources: tmpdir=/tmp


[Wed Oct 26 14:27:19 2022]
rule passfilter_ls:
    input: lofreq_scalpel/T279.scalpel.vcf.gz
    output: lofreq_scalpel/filtered/T279.scalpel.vcf.gz
    jobid: 46
    wildcards: tissue=T, sample=279, varcaller=scalpel
    resources: tmpdir=/tmp


[Wed Oct 26 14:27:19 2022]
rule passfilter_ls:
    input: lofreq_scalpel/T450.lofreq.vcf.gz
    output: lofreq_scalpel/filtered/T450.lofreq.vcf.gz
    jobid: 29
    wildcards: tissue=T, sample=450, varcaller=lofreq
    resources: tmpdir=/tmp


[Wed Oct 26 14:27:19 2022]
rule passfilter_ls:
    input: lofreq_scalpel/H279.lofreq.vcf.gz
    output: lofreq_scalpel/filtered/H279.lofreq.vcf.gz
    jobid: 52
    wildcards: tissue=H, sample=279, varcaller=lofreq
    resources: tmpdir=/tmp


[Wed Oct 26 14:27:19 2022]
rule passfilter:
    input: variant_caller_out/HLT450.hc.vcf.gz
    output: variant_caller_out/filtered/HLT450.hc.vcf.gz, variant_caller_out/normalized/HLT450.hc.vcf.gz
    jobid: 6
    wildcards: sample=450, varcaller=hc
    resources: tmpdir=/tmp


[Wed Oct 26 14:27:19 2022]
rule passfilter:
    input: variant_caller_out/HLT282.mutect.clfil.vcf.gz
    output: variant_caller_out/filtered/HLT282.mutect.clfil.vcf.gz, variant_caller_out/normalized/HLT282.mutect.clfil.vcf.gz
    jobid: 65
    wildcards: sample=282, varcaller=mutect.clfil
    resources: tmpdir=/tmp


[Wed Oct 26 14:27:19 2022]
rule passfilter:
    input: variant_caller_out/HLT279.hc.vcf.gz
    output: variant_caller_out/filtered/HLT279.hc.vcf.gz, variant_caller_out/normalized/HLT279.hc.vcf.gz
    jobid: 35
    wildcards: sample=279, varcaller=hc
    resources: tmpdir=/tmp


[Wed Oct 26 14:27:19 2022]
rule passfilter_ls:
    input: lofreq_scalpel/H450.scalpel.vcf.gz
    output: lofreq_scalpel/filtered/H450.scalpel.vcf.gz
    jobid: 13
    wildcards: tissue=H, sample=450, varcaller=scalpel
    resources: tmpdir=/tmp


[Wed Oct 26 14:27:19 2022]
rule passfilter_ls:
    input: lofreq_scalpel/T282.lofreq.vcf.gz
    output: lofreq_scalpel/filtered/T282.lofreq.vcf.gz
    jobid: 87
    wildcards: tissue=T, sample=282, varcaller=lofreq
    resources: tmpdir=/tmp


[Wed Oct 26 14:27:19 2022]
rule passfilter_ls:
    input: lofreq_scalpel/L279.scalpel.vcf.gz
    output: lofreq_scalpel/filtered/L279.scalpel.vcf.gz
    jobid: 44
    wildcards: tissue=L, sample=279, varcaller=scalpel
    resources: tmpdir=/tmp


[Wed Oct 26 14:27:19 2022]
rule passfilter_ls:
    input: lofreq_scalpel/T450.scalpel.vcf.gz
    output: lofreq_scalpel/filtered/T450.scalpel.vcf.gz
    jobid: 17
    wildcards: tissue=T, sample=450, varcaller=scalpel
    resources: tmpdir=/tmp


[Wed Oct 26 14:27:19 2022]
rule passfilter_ls:
    input: lofreq_scalpel/H450.lofreq.vcf.gz
    output: lofreq_scalpel/filtered/H450.lofreq.vcf.gz
    jobid: 23
    wildcards: tissue=H, sample=450, varcaller=lofreq
    resources: tmpdir=/tmp


[Wed Oct 26 14:27:19 2022]
rule passfilter_ls:
    input: lofreq_scalpel/L279.lofreq.vcf.gz
    output: lofreq_scalpel/filtered/L279.lofreq.vcf.gz
    jobid: 55
    wildcards: tissue=L, sample=279, varcaller=lofreq
    resources: tmpdir=/tmp


[Wed Oct 26 14:27:19 2022]
rule passfilter:
    input: variant_caller_out/HLT279.mutect.clfil.vcf.gz
    output: variant_caller_out/filtered/HLT279.mutect.clfil.vcf.gz, variant_caller_out/normalized/HLT279.mutect.clfil.vcf.gz
    jobid: 36
    wildcards: sample=279, varcaller=mutect.clfil
    resources: tmpdir=/tmp


[Wed Oct 26 14:27:19 2022]
rule passfilter_ls:
    input: lofreq_scalpel/T282.scalpel.vcf.gz
    output: lofreq_scalpel/filtered/T282.scalpel.vcf.gz
    jobid: 75
    wildcards: tissue=T, sample=282, varcaller=scalpel
    resources: tmpdir=/tmp


[Wed Oct 26 14:27:19 2022]
rule passfilter_ls:
    input: lofreq_scalpel/H282.scalpel.vcf.gz
    output: lofreq_scalpel/filtered/H282.scalpel.vcf.gz
    jobid: 71
    wildcards: tissue=H, sample=282, varcaller=scalpel
    resources: tmpdir=/tmp


[Wed Oct 26 14:27:19 2022]
rule norm_ls:
    input: lofreq_scalpel/filtered/L282.scalpel.vcf.gz
    output: lofreq_scalpel/normalized/L282.scalpel.vcf.gz
    jobid: 72
    wildcards: tissue=L, sample=282, varcaller=scalpel
    resources: tmpdir=/tmp


[Wed Oct 26 14:27:19 2022]
rule norm_db_entries:
    input: /g/steinmetz/project/leonie_crispr/03_data/01_heartproject/known_variants_vcfs/mouse.dbsnp.chr.sort.vcf.gz, known_variants_vcfs/mgp.v5.snps.indels.dbSNP142.pass.chr.sort.vcf.gz
    output: known_variants_vcfs/normalized/sorted/mouse.dbsnp.chr.sort.vcf.gz, known_variants_vcfs/normalized/sorted/mgp.v5.snps.indels.dbSNP142.pass.chr.sort.vcf.gz
    jobid: 88
    resources: tmpdir=/tmp

RuleException in line 77 of /g/steinmetz/project/leonie_crispr/05_publish/00_wgs_code/wgs_variant_analysis_RBM20/variantfile_preparation/snakefile:
'Params' object has no attribute 'norm'
