Building DAG of jobs...
Job stats:
job                     count    min threads    max threads
--------------------  -------  -------------  -------------
all                         1              1              1
concat                      3              1              1
create_filter_tables        3              1              1
det_overlap                 3              1              1
gt_annotator                9              1              1
make_txt                    3              1              1
merge2                      3              1              1
merge_ls_sep                6              1              1
norm3                       3              1              1
norm_ls                    18              1              1
passfilter                  6              1              1
passfilter_ls              18              1              1
reheader                    6              1              1
sort                        6              1              1
total                      88              1              1


[Wed Oct 26 14:22:24 2022]
rule passfilter:
    input: variant_caller_out/HLT279.mutect.clfil.vcf.gz
    output: variant_caller_out/filtered/HLT279.mutect.clfil.vcf.gz, variant_caller_out/normalized/HLT279.mutect.clfil.vcf.gz
    jobid: 7
    wildcards: sample=279, varcaller=mutect.clfil
    resources: tmpdir=/tmp


[Wed Oct 26 14:22:24 2022]
rule passfilter_ls:
    input: lofreq_scalpel/T282.lofreq.vcf.gz
    output: lofreq_scalpel/filtered/T282.lofreq.vcf.gz
    jobid: 58
    wildcards: tissue=T, sample=282, varcaller=lofreq
    resources: tmpdir=/tmp


[Wed Oct 26 14:22:24 2022]
rule passfilter_ls:
    input: lofreq_scalpel/H282.scalpel.vcf.gz
    output: lofreq_scalpel/filtered/H282.scalpel.vcf.gz
    jobid: 42
    wildcards: tissue=H, sample=282, varcaller=scalpel
    resources: tmpdir=/tmp


[Wed Oct 26 14:22:24 2022]
rule passfilter:
    input: variant_caller_out/HLT450.hc.vcf.gz
    output: variant_caller_out/filtered/HLT450.hc.vcf.gz, variant_caller_out/normalized/HLT450.hc.vcf.gz
    jobid: 64
    wildcards: sample=450, varcaller=hc
    resources: tmpdir=/tmp


[Wed Oct 26 14:22:24 2022]
rule passfilter_ls:
    input: lofreq_scalpel/L279.scalpel.vcf.gz
    output: lofreq_scalpel/filtered/L279.scalpel.vcf.gz
    jobid: 15
    wildcards: tissue=L, sample=279, varcaller=scalpel
    resources: tmpdir=/tmp


[Wed Oct 26 14:22:24 2022]
rule passfilter_ls:
    input: lofreq_scalpel/L279.lofreq.vcf.gz
    output: lofreq_scalpel/filtered/L279.lofreq.vcf.gz
    jobid: 26
    wildcards: tissue=L, sample=279, varcaller=lofreq
    resources: tmpdir=/tmp


[Wed Oct 26 14:22:24 2022]
rule passfilter_ls:
    input: lofreq_scalpel/T282.scalpel.vcf.gz
    output: lofreq_scalpel/filtered/T282.scalpel.vcf.gz
    jobid: 46
    wildcards: tissue=T, sample=282, varcaller=scalpel
    resources: tmpdir=/tmp


[Wed Oct 26 14:22:24 2022]
rule passfilter_ls:
    input: lofreq_scalpel/L450.lofreq.vcf.gz
    output: lofreq_scalpel/filtered/L450.lofreq.vcf.gz
    jobid: 84
    wildcards: tissue=L, sample=450, varcaller=lofreq
    resources: tmpdir=/tmp


[Wed Oct 26 14:22:24 2022]
rule passfilter_ls:
    input: lofreq_scalpel/H282.lofreq.vcf.gz
    output: lofreq_scalpel/filtered/H282.lofreq.vcf.gz
    jobid: 52
    wildcards: tissue=H, sample=282, varcaller=lofreq
    resources: tmpdir=/tmp


[Wed Oct 26 14:22:24 2022]
rule passfilter_ls:
    input: lofreq_scalpel/L450.scalpel.vcf.gz
    output: lofreq_scalpel/filtered/L450.scalpel.vcf.gz
    jobid: 73
    wildcards: tissue=L, sample=450, varcaller=scalpel
    resources: tmpdir=/tmp


[Wed Oct 26 14:22:24 2022]
rule passfilter_ls:
    input: lofreq_scalpel/T279.lofreq.vcf.gz
    output: lofreq_scalpel/filtered/T279.lofreq.vcf.gz
    jobid: 29
    wildcards: tissue=T, sample=279, varcaller=lofreq
    resources: tmpdir=/tmp


[Wed Oct 26 14:22:24 2022]
rule passfilter:
    input: variant_caller_out/HLT279.hc.vcf.gz
    output: variant_caller_out/filtered/HLT279.hc.vcf.gz, variant_caller_out/normalized/HLT279.hc.vcf.gz
    jobid: 6
    wildcards: sample=279, varcaller=hc
    resources: tmpdir=/tmp


[Wed Oct 26 14:22:24 2022]
rule passfilter:
    input: variant_caller_out/HLT450.mutect.clfil.vcf.gz
    output: variant_caller_out/filtered/HLT450.mutect.clfil.vcf.gz, variant_caller_out/normalized/HLT450.mutect.clfil.vcf.gz
    jobid: 65
    wildcards: sample=450, varcaller=mutect.clfil
    resources: tmpdir=/tmp


[Wed Oct 26 14:22:24 2022]
rule passfilter:
    input: variant_caller_out/HLT282.hc.vcf.gz
    output: variant_caller_out/filtered/HLT282.hc.vcf.gz, variant_caller_out/normalized/HLT282.hc.vcf.gz
    jobid: 35
    wildcards: sample=282, varcaller=hc
    resources: tmpdir=/tmp


[Wed Oct 26 14:22:24 2022]
rule passfilter_ls:
    input: lofreq_scalpel/H279.scalpel.vcf.gz
    output: lofreq_scalpel/filtered/H279.scalpel.vcf.gz
    jobid: 13
    wildcards: tissue=H, sample=279, varcaller=scalpel
    resources: tmpdir=/tmp


[Wed Oct 26 14:22:24 2022]
rule passfilter_ls:
    input: lofreq_scalpel/T279.scalpel.vcf.gz
    output: lofreq_scalpel/filtered/T279.scalpel.vcf.gz
    jobid: 17
    wildcards: tissue=T, sample=279, varcaller=scalpel
    resources: tmpdir=/tmp


[Wed Oct 26 14:22:24 2022]
rule passfilter_ls:
    input: lofreq_scalpel/T450.lofreq.vcf.gz
    output: lofreq_scalpel/filtered/T450.lofreq.vcf.gz
    jobid: 87
    wildcards: tissue=T, sample=450, varcaller=lofreq
    resources: tmpdir=/tmp


[Wed Oct 26 14:22:24 2022]
rule passfilter_ls:
    input: lofreq_scalpel/L282.scalpel.vcf.gz
    output: lofreq_scalpel/filtered/L282.scalpel.vcf.gz
    jobid: 44
    wildcards: tissue=L, sample=282, varcaller=scalpel
    resources: tmpdir=/tmp


[Wed Oct 26 14:22:24 2022]
rule passfilter_ls:
    input: lofreq_scalpel/L282.lofreq.vcf.gz
    output: lofreq_scalpel/filtered/L282.lofreq.vcf.gz
    jobid: 55
    wildcards: tissue=L, sample=282, varcaller=lofreq
    resources: tmpdir=/tmp


[Wed Oct 26 14:22:24 2022]
rule passfilter_ls:
    input: lofreq_scalpel/H279.lofreq.vcf.gz
    output: lofreq_scalpel/filtered/H279.lofreq.vcf.gz
    jobid: 23
    wildcards: tissue=H, sample=279, varcaller=lofreq
    resources: tmpdir=/tmp


[Wed Oct 26 14:22:24 2022]
rule passfilter:
    input: variant_caller_out/HLT282.mutect.clfil.vcf.gz
    output: variant_caller_out/filtered/HLT282.mutect.clfil.vcf.gz, variant_caller_out/normalized/HLT282.mutect.clfil.vcf.gz
    jobid: 36
    wildcards: sample=282, varcaller=mutect.clfil
    resources: tmpdir=/tmp


[Wed Oct 26 14:22:24 2022]
rule passfilter_ls:
    input: lofreq_scalpel/T450.scalpel.vcf.gz
    output: lofreq_scalpel/filtered/T450.scalpel.vcf.gz
    jobid: 75
    wildcards: tissue=T, sample=450, varcaller=scalpel
    resources: tmpdir=/tmp


[Wed Oct 26 14:22:24 2022]
rule passfilter_ls:
    input: lofreq_scalpel/H450.scalpel.vcf.gz
    output: lofreq_scalpel/filtered/H450.scalpel.vcf.gz
    jobid: 71
    wildcards: tissue=H, sample=450, varcaller=scalpel
    resources: tmpdir=/tmp


[Wed Oct 26 14:22:24 2022]
rule passfilter_ls:
    input: lofreq_scalpel/H450.lofreq.vcf.gz
    output: lofreq_scalpel/filtered/H450.lofreq.vcf.gz
    jobid: 81
    wildcards: tissue=H, sample=450, varcaller=lofreq
    resources: tmpdir=/tmp


[Wed Oct 26 14:22:24 2022]
rule norm_ls:
    input: lofreq_scalpel/filtered/T282.scalpel.vcf.gz
    output: lofreq_scalpel/normalized/T282.scalpel.vcf.gz
    jobid: 45
    wildcards: tissue=T, sample=282, varcaller=scalpel
    resources: tmpdir=/tmp


[Wed Oct 26 14:22:24 2022]
rule norm_ls:
    input: lofreq_scalpel/filtered/L450.lofreq.vcf.gz
    output: lofreq_scalpel/normalized/L450.lofreq.vcf.gz
    jobid: 83
    wildcards: tissue=L, sample=450, varcaller=lofreq
    resources: tmpdir=/tmp


[Wed Oct 26 14:22:24 2022]
rule norm_ls:
    input: lofreq_scalpel/filtered/H282.lofreq.vcf.gz
    output: lofreq_scalpel/normalized/H282.lofreq.vcf.gz
    jobid: 51
    wildcards: tissue=H, sample=282, varcaller=lofreq
    resources: tmpdir=/tmp


[Wed Oct 26 14:22:24 2022]
rule norm_ls:
    input: lofreq_scalpel/filtered/L450.scalpel.vcf.gz
    output: lofreq_scalpel/normalized/L450.scalpel.vcf.gz
    jobid: 72
    wildcards: tissue=L, sample=450, varcaller=scalpel
    resources: tmpdir=/tmp


[Wed Oct 26 14:22:24 2022]
rule norm_ls:
    input: lofreq_scalpel/filtered/T279.lofreq.vcf.gz
    output: lofreq_scalpel/normalized/T279.lofreq.vcf.gz
    jobid: 28
    wildcards: tissue=T, sample=279, varcaller=lofreq
    resources: tmpdir=/tmp


[Wed Oct 26 14:22:24 2022]
rule norm_ls:
    input: lofreq_scalpel/filtered/H279.scalpel.vcf.gz
    output: lofreq_scalpel/normalized/H279.scalpel.vcf.gz
    jobid: 12
    wildcards: tissue=H, sample=279, varcaller=scalpel
    resources: tmpdir=/tmp


[Wed Oct 26 14:22:24 2022]
rule norm_ls:
    input: lofreq_scalpel/filtered/H450.lofreq.vcf.gz
    output: lofreq_scalpel/normalized/H450.lofreq.vcf.gz
    jobid: 80
    wildcards: tissue=H, sample=450, varcaller=lofreq
    resources: tmpdir=/tmp


[Wed Oct 26 14:22:24 2022]
rule norm_ls:
    input: lofreq_scalpel/filtered/T279.scalpel.vcf.gz
    output: lofreq_scalpel/normalized/T279.scalpel.vcf.gz
    jobid: 16
    wildcards: tissue=T, sample=279, varcaller=scalpel
    resources: tmpdir=/tmp


[Wed Oct 26 14:22:24 2022]
rule norm_ls:
    input: lofreq_scalpel/filtered/T450.lofreq.vcf.gz
    output: lofreq_scalpel/normalized/T450.lofreq.vcf.gz
    jobid: 86
    wildcards: tissue=T, sample=450, varcaller=lofreq
    resources: tmpdir=/tmp


[Wed Oct 26 14:22:24 2022]
rule norm_ls:
    input: lofreq_scalpel/filtered/L282.scalpel.vcf.gz
    output: lofreq_scalpel/normalized/L282.scalpel.vcf.gz
    jobid: 43
    wildcards: tissue=L, sample=282, varcaller=scalpel
    resources: tmpdir=/tmp


[Wed Oct 26 14:22:24 2022]
rule norm_ls:
    input: lofreq_scalpel/filtered/L282.lofreq.vcf.gz
    output: lofreq_scalpel/normalized/L282.lofreq.vcf.gz
    jobid: 54
    wildcards: tissue=L, sample=282, varcaller=lofreq
    resources: tmpdir=/tmp


[Wed Oct 26 14:22:24 2022]
rule norm_ls:
    input: lofreq_scalpel/filtered/H279.lofreq.vcf.gz
    output: lofreq_scalpel/normalized/H279.lofreq.vcf.gz
    jobid: 22
    wildcards: tissue=H, sample=279, varcaller=lofreq
    resources: tmpdir=/tmp


[Wed Oct 26 14:22:24 2022]
rule norm_ls:
    input: lofreq_scalpel/filtered/T450.scalpel.vcf.gz
    output: lofreq_scalpel/normalized/T450.scalpel.vcf.gz
    jobid: 74
    wildcards: tissue=T, sample=450, varcaller=scalpel
    resources: tmpdir=/tmp


[Wed Oct 26 14:22:24 2022]
rule norm_ls:
    input: lofreq_scalpel/filtered/H450.scalpel.vcf.gz
    output: lofreq_scalpel/normalized/H450.scalpel.vcf.gz
    jobid: 70
    wildcards: tissue=H, sample=450, varcaller=scalpel
    resources: tmpdir=/tmp


[Wed Oct 26 14:22:24 2022]
rule norm_ls:
    input: lofreq_scalpel/filtered/T282.lofreq.vcf.gz
    output: lofreq_scalpel/normalized/T282.lofreq.vcf.gz
    jobid: 57
    wildcards: tissue=T, sample=282, varcaller=lofreq
    resources: tmpdir=/tmp


[Wed Oct 26 14:22:24 2022]
rule norm_ls:
    input: lofreq_scalpel/filtered/H282.scalpel.vcf.gz
    output: lofreq_scalpel/normalized/H282.scalpel.vcf.gz
    jobid: 41
    wildcards: tissue=H, sample=282, varcaller=scalpel
    resources: tmpdir=/tmp


[Wed Oct 26 14:22:24 2022]
rule norm_ls:
    input: lofreq_scalpel/filtered/L279.scalpel.vcf.gz
    output: lofreq_scalpel/normalized/L279.scalpel.vcf.gz
    jobid: 14
    wildcards: tissue=L, sample=279, varcaller=scalpel
    resources: tmpdir=/tmp


[Wed Oct 26 14:22:24 2022]
rule norm_ls:
    input: lofreq_scalpel/filtered/L279.lofreq.vcf.gz
    output: lofreq_scalpel/normalized/L279.lofreq.vcf.gz
    jobid: 25
    wildcards: tissue=L, sample=279, varcaller=lofreq
    resources: tmpdir=/tmp


[Wed Oct 26 14:22:24 2022]
rule gt_annotator:
    input: lofreq_scalpel/normalized/H282.lofreq.vcf.gz
    output: lofreq_scalpel/normalized/H282.lofreqgt.vcf.gz
    jobid: 50
    wildcards: tissue=H, sample=282
    resources: tmpdir=/tmp


[Wed Oct 26 14:22:24 2022]
rule gt_annotator:
    input: lofreq_scalpel/normalized/T279.lofreq.vcf.gz
    output: lofreq_scalpel/normalized/T279.lofreqgt.vcf.gz
    jobid: 27
    wildcards: tissue=T, sample=279
    resources: tmpdir=/tmp


[Wed Oct 26 14:22:24 2022]
rule merge_ls_sep:
    input: lofreq_scalpel/normalized/H282.scalpel.vcf.gz, lofreq_scalpel/normalized/L282.scalpel.vcf.gz, lofreq_scalpel/normalized/T282.scalpel.vcf.gz
    output: lofreq_scalpel/normalized/HLT282.scalpel_w.vcf.gz
    jobid: 40
    wildcards: sample=282, varcaller=scalpel
    resources: tmpdir=/tmp


[Wed Oct 26 14:22:24 2022]
rule merge_ls_sep:
    input: lofreq_scalpel/normalized/H279.scalpel.vcf.gz, lofreq_scalpel/normalized/L279.scalpel.vcf.gz, lofreq_scalpel/normalized/T279.scalpel.vcf.gz
    output: lofreq_scalpel/normalized/HLT279.scalpel_w.vcf.gz
    jobid: 11
    wildcards: sample=279, varcaller=scalpel
    resources: tmpdir=/tmp


[Wed Oct 26 14:22:24 2022]
rule gt_annotator:
    input: lofreq_scalpel/normalized/L450.lofreq.vcf.gz
    output: lofreq_scalpel/normalized/L450.lofreqgt.vcf.gz
    jobid: 82
    wildcards: tissue=L, sample=450
    resources: tmpdir=/tmp


[Wed Oct 26 14:22:24 2022]
rule gt_annotator:
    input: lofreq_scalpel/normalized/T450.lofreq.vcf.gz
    output: lofreq_scalpel/normalized/T450.lofreqgt.vcf.gz
    jobid: 85
    wildcards: tissue=T, sample=450
    resources: tmpdir=/tmp


[Wed Oct 26 14:22:24 2022]
rule gt_annotator:
    input: lofreq_scalpel/normalized/H450.lofreq.vcf.gz
    output: lofreq_scalpel/normalized/H450.lofreqgt.vcf.gz
    jobid: 79
    wildcards: tissue=H, sample=450
    resources: tmpdir=/tmp


[Wed Oct 26 14:22:24 2022]
rule gt_annotator:
    input: lofreq_scalpel/normalized/L282.lofreq.vcf.gz
    output: lofreq_scalpel/normalized/L282.lofreqgt.vcf.gz
    jobid: 53
    wildcards: tissue=L, sample=282
    resources: tmpdir=/tmp


[Wed Oct 26 14:22:24 2022]
rule gt_annotator:
    input: lofreq_scalpel/normalized/H279.lofreq.vcf.gz
    output: lofreq_scalpel/normalized/H279.lofreqgt.vcf.gz
    jobid: 21
    wildcards: tissue=H, sample=279
    resources: tmpdir=/tmp


[Wed Oct 26 14:22:24 2022]
rule merge_ls_sep:
    input: lofreq_scalpel/normalized/H450.scalpel.vcf.gz, lofreq_scalpel/normalized/L450.scalpel.vcf.gz, lofreq_scalpel/normalized/T450.scalpel.vcf.gz
    output: lofreq_scalpel/normalized/HLT450.scalpel_w.vcf.gz
    jobid: 69
    wildcards: sample=450, varcaller=scalpel
    resources: tmpdir=/tmp


[Wed Oct 26 14:22:24 2022]
rule gt_annotator:
    input: lofreq_scalpel/normalized/T282.lofreq.vcf.gz
    output: lofreq_scalpel/normalized/T282.lofreqgt.vcf.gz
    jobid: 56
    wildcards: tissue=T, sample=282
    resources: tmpdir=/tmp


[Wed Oct 26 14:22:24 2022]
rule gt_annotator:
    input: lofreq_scalpel/normalized/L279.lofreq.vcf.gz
    output: lofreq_scalpel/normalized/L279.lofreqgt.vcf.gz
    jobid: 24
    wildcards: tissue=L, sample=279
    resources: tmpdir=/tmp


[Wed Oct 26 14:22:24 2022]
rule merge_ls_sep:
    input: lofreq_scalpel/normalized/H282.lofreqgt.vcf.gz, lofreq_scalpel/normalized/L282.lofreqgt.vcf.gz, lofreq_scalpel/normalized/T282.lofreqgt.vcf.gz
    output: lofreq_scalpel/normalized/HLT282.lofreqgt_w.vcf.gz
    jobid: 49
    wildcards: sample=282, varcaller=lofreqgt
    resources: tmpdir=/tmp


[Wed Oct 26 14:22:24 2022]
rule reheader:
    input: lofreq_scalpel/normalized/HLT279.scalpel_w.vcf.gz
    output: lofreq_scalpel/normalized/HLT279.scalpel_rehead.vcf.gz, lofreq_scalpel/normalized/HLT279.scalpel_reheadnorm.vcf.gz
    jobid: 10
    wildcards: sample=279, varcaller=scalpel
    resources: tmpdir=/tmp


[Wed Oct 26 14:22:24 2022]
rule merge_ls_sep:
    input: lofreq_scalpel/normalized/H450.lofreqgt.vcf.gz, lofreq_scalpel/normalized/L450.lofreqgt.vcf.gz, lofreq_scalpel/normalized/T450.lofreqgt.vcf.gz
    output: lofreq_scalpel/normalized/HLT450.lofreqgt_w.vcf.gz
    jobid: 78
    wildcards: sample=450, varcaller=lofreqgt
    resources: tmpdir=/tmp


[Wed Oct 26 14:22:24 2022]
rule reheader:
    input: lofreq_scalpel/normalized/HLT450.scalpel_w.vcf.gz
    output: lofreq_scalpel/normalized/HLT450.scalpel_rehead.vcf.gz, lofreq_scalpel/normalized/HLT450.scalpel_reheadnorm.vcf.gz
    jobid: 68
    wildcards: sample=450, varcaller=scalpel
    resources: tmpdir=/tmp


[Wed Oct 26 14:22:24 2022]
rule reheader:
    input: lofreq_scalpel/normalized/HLT282.scalpel_w.vcf.gz
    output: lofreq_scalpel/normalized/HLT282.scalpel_rehead.vcf.gz, lofreq_scalpel/normalized/HLT282.scalpel_reheadnorm.vcf.gz
    jobid: 39
    wildcards: sample=282, varcaller=scalpel
    resources: tmpdir=/tmp


[Wed Oct 26 14:22:24 2022]
rule merge_ls_sep:
    input: lofreq_scalpel/normalized/H279.lofreqgt.vcf.gz, lofreq_scalpel/normalized/L279.lofreqgt.vcf.gz, lofreq_scalpel/normalized/T279.lofreqgt.vcf.gz
    output: lofreq_scalpel/normalized/HLT279.lofreqgt_w.vcf.gz
    jobid: 20
    wildcards: sample=279, varcaller=lofreqgt
    resources: tmpdir=/tmp


[Wed Oct 26 14:22:24 2022]
rule sort:
    input: lofreq_scalpel/normalized/HLT279.scalpel_reheadnorm.vcf.gz
    output: lofreq_scalpel/sorted/HLT279.scalpel.vcf.gz
    jobid: 9
    wildcards: sample=279, varcaller=scalpel
    resources: tmpdir=/tmp


[Wed Oct 26 14:22:24 2022]
rule sort:
    input: lofreq_scalpel/normalized/HLT450.scalpel_reheadnorm.vcf.gz
    output: lofreq_scalpel/sorted/HLT450.scalpel.vcf.gz
    jobid: 67
    wildcards: sample=450, varcaller=scalpel
    resources: tmpdir=/tmp


[Wed Oct 26 14:22:24 2022]
rule reheader:
    input: lofreq_scalpel/normalized/HLT279.lofreqgt_w.vcf.gz
    output: lofreq_scalpel/normalized/HLT279.lofreqgt_rehead.vcf.gz, lofreq_scalpel/normalized/HLT279.lofreqgt_reheadnorm.vcf.gz
    jobid: 19
    wildcards: sample=279, varcaller=lofreqgt
    resources: tmpdir=/tmp


[Wed Oct 26 14:22:24 2022]
rule reheader:
    input: lofreq_scalpel/normalized/HLT282.lofreqgt_w.vcf.gz
    output: lofreq_scalpel/normalized/HLT282.lofreqgt_rehead.vcf.gz, lofreq_scalpel/normalized/HLT282.lofreqgt_reheadnorm.vcf.gz
    jobid: 48
    wildcards: sample=282, varcaller=lofreqgt
    resources: tmpdir=/tmp


[Wed Oct 26 14:22:24 2022]
rule reheader:
    input: lofreq_scalpel/normalized/HLT450.lofreqgt_w.vcf.gz
    output: lofreq_scalpel/normalized/HLT450.lofreqgt_rehead.vcf.gz, lofreq_scalpel/normalized/HLT450.lofreqgt_reheadnorm.vcf.gz
    jobid: 77
    wildcards: sample=450, varcaller=lofreqgt
    resources: tmpdir=/tmp


[Wed Oct 26 14:22:24 2022]
rule sort:
    input: lofreq_scalpel/normalized/HLT282.scalpel_reheadnorm.vcf.gz
    output: lofreq_scalpel/sorted/HLT282.scalpel.vcf.gz
    jobid: 38
    wildcards: sample=282, varcaller=scalpel
    resources: tmpdir=/tmp


[Wed Oct 26 14:22:24 2022]
rule sort:
    input: lofreq_scalpel/normalized/HLT282.lofreqgt_reheadnorm.vcf.gz
    output: lofreq_scalpel/sorted/HLT282.lofreqgt.vcf.gz
    jobid: 47
    wildcards: sample=282, varcaller=lofreqgt
    resources: tmpdir=/tmp


[Wed Oct 26 14:22:24 2022]
rule sort:
    input: lofreq_scalpel/normalized/HLT279.lofreqgt_reheadnorm.vcf.gz
    output: lofreq_scalpel/sorted/HLT279.lofreqgt.vcf.gz
    jobid: 18
    wildcards: sample=279, varcaller=lofreqgt
    resources: tmpdir=/tmp


[Wed Oct 26 14:22:24 2022]
rule sort:
    input: lofreq_scalpel/normalized/HLT450.lofreqgt_reheadnorm.vcf.gz
    output: lofreq_scalpel/sorted/HLT450.lofreqgt.vcf.gz
    jobid: 76
    wildcards: sample=450, varcaller=lofreqgt
    resources: tmpdir=/tmp


[Wed Oct 26 14:22:24 2022]
rule concat:
    input: lofreq_scalpel/sorted/HLT279.scalpel.vcf.gz, lofreq_scalpel/sorted/HLT279.lofreqgt.vcf.gz
    output: variant_caller_out/normalized/HLT279.ls.vcf.gz
    jobid: 8
    wildcards: sample=279
    resources: tmpdir=/tmp


[Wed Oct 26 14:22:24 2022]
rule concat:
    input: lofreq_scalpel/sorted/HLT282.scalpel.vcf.gz, lofreq_scalpel/sorted/HLT282.lofreqgt.vcf.gz
    output: variant_caller_out/normalized/HLT282.ls.vcf.gz
    jobid: 37
    wildcards: sample=282
    resources: tmpdir=/tmp


[Wed Oct 26 14:22:24 2022]
rule concat:
    input: lofreq_scalpel/sorted/HLT450.scalpel.vcf.gz, lofreq_scalpel/sorted/HLT450.lofreqgt.vcf.gz
    output: variant_caller_out/normalized/HLT450.ls.vcf.gz
    jobid: 66
    wildcards: sample=450
    resources: tmpdir=/tmp


[Wed Oct 26 14:22:24 2022]
rule merge2:
    input: variant_caller_out/normalized/HLT450.hc.vcf.gz, variant_caller_out/normalized/HLT450.mutect.clfil.vcf.gz, variant_caller_out/normalized/HLT450.ls.vcf.gz, variant_caller_out/normalized/HLT450.hc.vcf.gz.tbi, variant_caller_out/normalized/HLT450.mutect.clfil.vcf.gz.tbi, variant_caller_out/normalized/HLT450.ls.vcf.gz.tbi
    output: merged/HLT450_un.vcf.gz
    jobid: 63
    wildcards: sample=450
    resources: tmpdir=/tmp


[Wed Oct 26 14:22:24 2022]
rule merge2:
    input: variant_caller_out/normalized/HLT279.hc.vcf.gz, variant_caller_out/normalized/HLT279.mutect.clfil.vcf.gz, variant_caller_out/normalized/HLT279.ls.vcf.gz, variant_caller_out/normalized/HLT279.hc.vcf.gz.tbi, variant_caller_out/normalized/HLT279.mutect.clfil.vcf.gz.tbi, variant_caller_out/normalized/HLT279.ls.vcf.gz.tbi
    output: merged/HLT279_un.vcf.gz
    jobid: 5
    wildcards: sample=279
    resources: tmpdir=/tmp


[Wed Oct 26 14:22:24 2022]
rule merge2:
    input: variant_caller_out/normalized/HLT282.hc.vcf.gz, variant_caller_out/normalized/HLT282.mutect.clfil.vcf.gz, variant_caller_out/normalized/HLT282.ls.vcf.gz, variant_caller_out/normalized/HLT282.hc.vcf.gz.tbi, variant_caller_out/normalized/HLT282.mutect.clfil.vcf.gz.tbi, variant_caller_out/normalized/HLT282.ls.vcf.gz.tbi
    output: merged/HLT282_un.vcf.gz
    jobid: 34
    wildcards: sample=282
    resources: tmpdir=/tmp


[Wed Oct 26 14:22:24 2022]
rule norm3:
    input: merged/HLT282_un.vcf.gz
    output: merged/HLT282.vcf.gz, merged/reheader/HLT282.vcf.gz
    jobid: 33
    wildcards: sample=282
    resources: tmpdir=/tmp


[Wed Oct 26 14:22:24 2022]
rule norm3:
    input: merged/HLT450_un.vcf.gz
    output: merged/HLT450.vcf.gz, merged/reheader/HLT450.vcf.gz
    jobid: 62
    wildcards: sample=450
    resources: tmpdir=/tmp


[Wed Oct 26 14:22:24 2022]
rule norm3:
    input: merged/HLT279_un.vcf.gz
    output: merged/HLT279.vcf.gz, merged/reheader/HLT279.vcf.gz
    jobid: 4
    wildcards: sample=279
    resources: tmpdir=/tmp


[Wed Oct 26 14:22:24 2022]
rule make_txt:
    input: merged/reheader/HLT450.vcf.gz
    output: merged/txt_files/HLT450.merged.txt
    jobid: 61
    wildcards: sample=450
    resources: tmpdir=/tmp


[Wed Oct 26 14:22:24 2022]
rule make_txt:
    input: merged/reheader/HLT282.vcf.gz
    output: merged/txt_files/HLT282.merged.txt
    jobid: 32
    wildcards: sample=282
    resources: tmpdir=/tmp


[Wed Oct 26 14:22:24 2022]
rule make_txt:
    input: merged/reheader/HLT279.vcf.gz
    output: merged/txt_files/HLT279.merged.txt
    jobid: 3
    wildcards: sample=279
    resources: tmpdir=/tmp


[Wed Oct 26 14:22:24 2022]
rule det_overlap:
    input: merged/txt_files/HLT282.merged.txt
    output: known_variants_vcfs/overlap/282_mgp_overlap.txt, known_variants_vcfs/overlap/282_dbsnp_overlap.txt, merged/txt_files/HLT282.merged.remdup.txt
    jobid: 31
    wildcards: sample=282
    resources: tmpdir=/tmp

RuleException in line 495 of /g/steinmetz/project/leonie_crispr/05_publish/00_wgs_code/wgs_variant_analysis_RBM20/variantfile_preparation/snakefile:
'InputFiles' object has no attribute 'mgp_path'
